<?xml version="1.0" encoding="UTF-8"?>
<testsuite name="ch.tbz.menu.FractalMenuTest" tests="7" skipped="0" failures="0" errors="0" timestamp="2023-11-02T10:26:49" hostname="LAPTOP-EKHFH9QK" time="19.142">
  <properties/>
  <testcase name="testJuliaSetButton_NavigatesToAndDisplaysFractal()" classname="ch.tbz.menu.FractalMenuTest" time="0.185"/>
  <testcase name="testMultiBrotSetButton_NavigatesToAndDisplaysFractal()" classname="ch.tbz.menu.FractalMenuTest" time="0.458"/>
  <testcase name="testTricornSetButton_NavigatesToAndDisplaysFractal()" classname="ch.tbz.menu.FractalMenuTest" time="0.272"/>
  <testcase name="testGoBack_NavigatesToMainMenu()" classname="ch.tbz.menu.FractalMenuTest" time="0.259"/>
  <testcase name="testBurningShipButton_NavigatesToAndDisplaysFractal()" classname="ch.tbz.menu.FractalMenuTest" time="0.292"/>
  <testcase name="testInvertedMultibrotSetButton_NavigatesToAndDisplaysFractal()" classname="ch.tbz.menu.FractalMenuTest" time="17.431"/>
  <testcase name="testMandelBrotSetButton_NavigatesToAndDisplaysFractal()" classname="ch.tbz.menu.FractalMenuTest" time="0.241"/>
  <system-out><![CDATA[]]></system-out>
  <system-err><![CDATA[]]></system-err>
</testsuite>
