<?xml version="1.0" encoding="UTF-8"?>
<testsuite name="ch.tbz.graph.interpreter.StringStackTest" tests="4" skipped="0" failures="0" errors="0" timestamp="2023-11-02T10:26:49" hostname="LAPTOP-EKHFH9QK" time="0.003">
  <properties/>
  <testcase name="testIsEmpty_WithEmptyStack()" classname="ch.tbz.graph.interpreter.StringStackTest" time="0.0"/>
  <testcase name="testIsFull_WithNonNullStack()" classname="ch.tbz.graph.interpreter.StringStackTest" time="0.0"/>
  <testcase name="testPop_WithNonNullStack()" classname="ch.tbz.graph.interpreter.StringStackTest" time="0.0"/>
  <testcase name="addsOnPush_WithValidNewValue()" classname="ch.tbz.graph.interpreter.StringStackTest" time="0.0"/>
  <system-out><![CDATA[]]></system-out>
  <system-err><![CDATA[]]></system-err>
</testsuite>
