<?xml version="1.0" encoding="UTF-8"?>
<testsuite name="ch.tbz.fractal.FractalRendererTest" tests="3" skipped="0" failures="0" errors="0" timestamp="2023-11-02T10:26:49" hostname="LAPTOP-EKHFH9QK" time="0.166">
  <properties/>
  <testcase name="testContainsGoBackButton()" classname="ch.tbz.fractal.FractalRendererTest" time="0.086"/>
  <testcase name="test_navigateBackToMainMenu()" classname="ch.tbz.fractal.FractalRendererTest" time="0.075"/>
  <testcase name="testFractalRenderer_isDisplayed()" classname="ch.tbz.fractal.FractalRendererTest" time="0.001"/>
  <system-out><![CDATA[]]></system-out>
  <system-err><![CDATA[]]></system-err>
</testsuite>
