<?xml version="1.0" encoding="UTF-8"?>
<testsuite name="ch.tbz.fractal.set.JuliaSetTest" tests="2" skipped="0" failures="0" errors="0" timestamp="2023-11-02T10:26:49" hostname="LAPTOP-EKHFH9QK" time="0.002">
  <properties/>
  <testcase name="testCalcJuliaSet_CoordinatesWithinSetReturnsMaxIterations()" classname="ch.tbz.fractal.set.JuliaSetTest" time="0.0"/>
  <testcase name="testCalcJuliaSet_CoordinatesOutsideOfSetReturnBelowMaxIterations()" classname="ch.tbz.fractal.set.JuliaSetTest" time="0.0"/>
  <system-out><![CDATA[]]></system-out>
  <system-err><![CDATA[]]></system-err>
</testsuite>
