<?xml version="1.0" encoding="UTF-8"?>
<testsuite name="ch.tbz.graph.interpreter.StringDeterminerTest" tests="1" skipped="0" failures="0" errors="0" timestamp="2023-11-01T20:34:07" hostname="LAPTOP-EKHFH9QK" time="0.017">
  <properties/>
  <testcase name="testIsFunction_WithValidFunction()" classname="ch.tbz.graph.interpreter.StringDeterminerTest" time="0.017"/>
  <system-out><![CDATA[]]></system-out>
  <system-err><![CDATA[]]></system-err>
</testsuite>
