<?xml version="1.0" encoding="UTF-8"?>
<testsuite name="ch.tbz.fractal.set.MandelbrotSetTest" tests="2" skipped="0" failures="0" errors="0" timestamp="2023-11-02T10:26:49" hostname="LAPTOP-EKHFH9QK" time="0.002">
  <properties/>
  <testcase name="testCalcSet_WithCoordinatesNotInSet()" classname="ch.tbz.fractal.set.MandelbrotSetTest" time="0.0"/>
  <testcase name="testCalcSet_ValidCoordinatesReturnMaxIterations()" classname="ch.tbz.fractal.set.MandelbrotSetTest" time="0.001"/>
  <system-out><![CDATA[]]></system-out>
  <system-err><![CDATA[]]></system-err>
</testsuite>
