<?xml version="1.0" encoding="UTF-8"?>
<testsuite name="ch.tbz.task.TaskApplicationTests" tests="7" skipped="0" failures="0" errors="0" timestamp="2023-10-24T09:39:23" hostname="LAPTOP-EKHFH9QK" time="0.413">
  <properties/>
  <testcase name="getUserById_found()" classname="ch.tbz.task.TaskApplicationTests" time="0.244"/>
  <testcase name="testService_readAll()" classname="ch.tbz.task.TaskApplicationTests" time="0.09"/>
  <testcase name="testService_isServiceAvailable()" classname="ch.tbz.task.TaskApplicationTests" time="0.005"/>
  <testcase name="testService_readAddressById()" classname="ch.tbz.task.TaskApplicationTests" time="0.01"/>
  <testcase name="createAddress()" classname="ch.tbz.task.TaskApplicationTests" time="0.005"/>
  <testcase name="testService_update()" classname="ch.tbz.task.TaskApplicationTests" time="0.006"/>
  <testcase name="createAndRetrieve()" classname="ch.tbz.task.TaskApplicationTests" time="0.039"/>
  <system-out><![CDATA[11:39:20.089 [Test worker] INFO org.springframework.test.context.support.AnnotationConfigContextLoaderUtils -- Could not detect default configuration classes for test class [ch.tbz.task.TaskApplicationTests]: TaskApplicationTests does not declare any static, non-private, non-final, nested classes annotated with @Configuration.
11:39:20.251 [Test worker] INFO org.springframework.boot.test.context.SpringBootTestContextBootstrapper -- Found @SpringBootConfiguration ch.tbz.task.TaskApplication for test class ch.tbz.task.TaskApplicationTests

  .   ____          _            __ _ _
 /\\ / ___'_ __ _ _(_)_ __  __ _ \ \ \ \
( ( )\___ | '_ | '_| | '_ \/ _` | \ \ \ \
 \\/  ___)| |_)| | | | | || (_| |  ) ) ) )
  '  |____| .__|_| |_|_| |_\__, | / / / /
 =========|_|==============|___/=/_/_/_/
 :: Spring Boot ::                (v3.1.5)

2023-10-24T11:39:20.763+02:00  INFO 12932 --- [    Test worker] ch.tbz.task.TaskApplicationTests         : Starting TaskApplicationTests using Java 17.0.2 with PID 12932 (started by sarin in C:\TBZ\M450\M450-Testing_AmWal-SaLus\exercises\Schnittstellen\task)
2023-10-24T11:39:20.765+02:00  INFO 12932 --- [    Test worker] ch.tbz.task.TaskApplicationTests         : No active profile set, falling back to 1 default profile: "default"
2023-10-24T11:39:23.518+02:00  INFO 12932 --- [    Test worker] o.s.b.t.m.w.SpringBootMockServletContext : Initializing Spring TestDispatcherServlet ''
2023-10-24T11:39:23.518+02:00  INFO 12932 --- [    Test worker] o.s.t.web.servlet.TestDispatcherServlet  : Initializing Servlet ''
2023-10-24T11:39:23.524+02:00  INFO 12932 --- [    Test worker] o.s.t.web.servlet.TestDispatcherServlet  : Completed initialization in 2 ms
2023-10-24T11:39:23.595+02:00  INFO 12932 --- [    Test worker] ch.tbz.task.TaskApplicationTests         : Started TaskApplicationTests in 3.239 seconds (process running for 4.758)
]]></system-out>
  <system-err><![CDATA[]]></system-err>
</testsuite>
